<?xml version="1.0" encoding="UTF-8"?>
<testng-results skipped="0" failed="0" ignored="0" total="0" passed="0">
  <reporter-output>
  </reporter-output>
  <suite name="Surefire suite" duration-ms="3820" started-at="2020-06-24T23:09:59 ICT" finished-at="2020-06-24T23:10:03 ICT">
    <groups>
    </groups>
    <test name="Surefire test" duration-ms="3820" started-at="2020-06-24T23:09:59 ICT" finished-at="2020-06-24T23:10:03 ICT">
    </test> <!-- Surefire test -->
  </suite> <!-- Surefire suite -->
</testng-results>
